0 info it worked if it ends with ok
1 verbose cli [ '/home/vakadu/.nvm/versions/node/v7.7.4/bin/node',
1 verbose cli   '/home/vakadu/.nvm/versions/node/v7.7.4/bin/npm',
1 verbose cli   'run',
1 verbose cli   'dev' ]
2 info using npm@4.1.2
3 info using node@v7.7.4
4 verbose config Skipping project config: /home/vakadu/.npmrc. (matches userconfig)
5 verbose stack Error: ENOENT: no such file or directory, open '/home/vakadu/package.json'
6 verbose cwd /home/vakadu/React JS/React-Auth
7 error Linux 4.4.0-103-generic
8 error argv "/home/vakadu/.nvm/versions/node/v7.7.4/bin/node" "/home/vakadu/.nvm/versions/node/v7.7.4/bin/npm" "run" "dev"
9 error node v7.7.4
10 error npm  v4.1.2
11 error path /home/vakadu/package.json
12 error code ENOENT
13 error errno -2
14 error syscall open
15 error enoent ENOENT: no such file or directory, open '/home/vakadu/package.json'
16 error enoent ENOENT: no such file or directory, open '/home/vakadu/package.json'
16 error enoent This is most likely not a problem with npm itself
16 error enoent and is related to npm not being able to find a file.
17 verbose exit [ -2, true ]
